DEB [20250912-14:23:43.971] thr=1   paramiko.transport: starting thread (client mode): 0xdf13de80
DEB [20250912-14:23:43.971] thr=1   paramiko.transport: Local version/idstring: SSH-2.0-paramiko_3.5.1
DEB [20250912-14:23:44.129] thr=1   paramiko.transport: Remote version/idstring: SSH-2.0-Go_465a7bdd
INF [20250912-14:23:44.129] thr=1   paramiko.transport: Connected (version 2.0, client Go_465a7bdd)
DEB [20250912-14:23:44.133] thr=1   paramiko.transport: === Key exchange possibilities ===
DEB [20250912-14:23:44.133] thr=1   paramiko.transport: kex algos: diffie-hellman-group14-sha1, curve25519-sha256@libssh.org, diffie-hellman-group14-sha256, kex-strict-s-v00@openssh.com
DEB [20250912-14:23:44.133] thr=1   paramiko.transport: server key: rsa-sha2-256, rsa-sha2-512, ssh-rsa
DEB [20250912-14:23:44.134] thr=1   paramiko.transport: client encrypt: 3des-cbc, aes128-ctr, aes128-cbc, aes192-ctr, aes256-ctr
DEB [20250912-14:23:44.134] thr=1   paramiko.transport: server encrypt: 3des-cbc, aes128-ctr, aes128-cbc, aes192-ctr, aes256-ctr
DEB [20250912-14:23:44.134] thr=1   paramiko.transport: client mac: hmac-sha2-256-etm@openssh.com, hmac-sha2-512-etm@openssh.com, hmac-sha2-256, hmac-sha2-512, hmac-sha1, hmac-sha1-96
DEB [20250912-14:23:44.134] thr=1   paramiko.transport: server mac: hmac-sha2-256-etm@openssh.com, hmac-sha2-512-etm@openssh.com, hmac-sha2-256, hmac-sha2-512, hmac-sha1, hmac-sha1-96
DEB [20250912-14:23:44.134] thr=1   paramiko.transport: client compress: none
DEB [20250912-14:23:44.134] thr=1   paramiko.transport: server compress: none
DEB [20250912-14:23:44.134] thr=1   paramiko.transport: client lang: <none>
DEB [20250912-14:23:44.134] thr=1   paramiko.transport: server lang: <none>
DEB [20250912-14:23:44.134] thr=1   paramiko.transport: kex follows: False
DEB [20250912-14:23:44.134] thr=1   paramiko.transport: === Key exchange agreements ===
DEB [20250912-14:23:44.134] thr=1   paramiko.transport: Strict kex mode: True
DEB [20250912-14:23:44.134] thr=1   paramiko.transport: Kex: curve25519-sha256@libssh.org
DEB [20250912-14:23:44.134] thr=1   paramiko.transport: HostKey: rsa-sha2-512
DEB [20250912-14:23:44.134] thr=1   paramiko.transport: Cipher: aes128-ctr
DEB [20250912-14:23:44.134] thr=1   paramiko.transport: MAC: hmac-sha2-256
DEB [20250912-14:23:44.134] thr=1   paramiko.transport: Compression: none
DEB [20250912-14:23:44.134] thr=1   paramiko.transport: === End of kex handshake ===
DEB [20250912-14:23:44.489] thr=1   paramiko.transport: Resetting outbound seqno after NEWKEYS due to strict mode
DEB [20250912-14:23:44.489] thr=1   paramiko.transport: kex engine KexCurve25519 specified hash_algo <built-in function openssl_sha256>
DEB [20250912-14:23:44.489] thr=1   paramiko.transport: Switch to new keys ...
DEB [20250912-14:23:44.489] thr=1   paramiko.transport: Resetting inbound seqno after NEWKEYS due to strict mode
DEB [20250912-14:23:44.489] thr=1   paramiko.transport: Got EXT_INFO: {'server-sig-algs': b'ssh-ed25519,sk-ssh-ed25519@openssh.com,sk-ecdsa-sha2-nistp256@openssh.com,ecdsa-sha2-nistp256,ecdsa-sha2-nistp384,ecdsa-sha2-nistp521,rsa-sha2-256,rsa-sha2-512,ssh-rsa,ssh-dss', 'ping@openssh.com': b'0'}
DEB [20250912-14:23:44.848] thr=1   paramiko.transport: userauth is OK
DEB [20250912-14:23:44.849] thr=1   paramiko.transport: Finalizing pubkey algorithm for key of type 'ssh-rsa'
DEB [20250912-14:23:44.849] thr=1   paramiko.transport: Our pubkey algorithm list: ['rsa-sha2-512', 'rsa-sha2-256', 'ssh-rsa']
DEB [20250912-14:23:44.849] thr=1   paramiko.transport: Server-side algorithm list: ['ssh-ed25519', 'sk-ssh-ed25519@openssh.com', 'sk-ecdsa-sha2-nistp256@openssh.com', 'ecdsa-sha2-nistp256', 'ecdsa-sha2-nistp384', 'ecdsa-sha2-nistp521', 'rsa-sha2-256', 'rsa-sha2-512', 'ssh-rsa', 'ssh-dss']
DEB [20250912-14:23:44.849] thr=1   paramiko.transport: Agreed upon 'rsa-sha2-512' pubkey algorithm
INF [20250912-14:23:45.020] thr=1   paramiko.transport: Authentication (publickey) failed.
DEB [20250912-14:23:45.054] thr=1   paramiko.transport: EOF in transport thread
DEB [20250912-16:01:53.832] thr=1   paramiko.transport: starting thread (client mode): 0x7e1c34d0
DEB [20250912-16:01:53.834] thr=1   paramiko.transport: Local version/idstring: SSH-2.0-paramiko_3.5.1
DEB [20250912-16:01:53.977] thr=1   paramiko.transport: Remote version/idstring: SSH-2.0-Go_be30a46e
INF [20250912-16:01:53.977] thr=1   paramiko.transport: Connected (version 2.0, client Go_be30a46e)
DEB [20250912-16:01:53.977] thr=1   paramiko.transport: === Key exchange possibilities ===
DEB [20250912-16:01:53.977] thr=1   paramiko.transport: kex algos: diffie-hellman-group14-sha1, curve25519-sha256@libssh.org, diffie-hellman-group14-sha256, kex-strict-s-v00@openssh.com
DEB [20250912-16:01:53.977] thr=1   paramiko.transport: server key: rsa-sha2-256, rsa-sha2-512, ssh-rsa
DEB [20250912-16:01:53.977] thr=1   paramiko.transport: client encrypt: 3des-cbc, aes128-ctr, aes128-cbc, aes192-ctr, aes256-ctr
DEB [20250912-16:01:53.977] thr=1   paramiko.transport: server encrypt: 3des-cbc, aes128-ctr, aes128-cbc, aes192-ctr, aes256-ctr
DEB [20250912-16:01:53.977] thr=1   paramiko.transport: client mac: hmac-sha2-256-etm@openssh.com, hmac-sha2-512-etm@openssh.com, hmac-sha2-256, hmac-sha2-512, hmac-sha1, hmac-sha1-96
DEB [20250912-16:01:53.977] thr=1   paramiko.transport: server mac: hmac-sha2-256-etm@openssh.com, hmac-sha2-512-etm@openssh.com, hmac-sha2-256, hmac-sha2-512, hmac-sha1, hmac-sha1-96
DEB [20250912-16:01:53.977] thr=1   paramiko.transport: client compress: none
DEB [20250912-16:01:53.977] thr=1   paramiko.transport: server compress: none
DEB [20250912-16:01:53.977] thr=1   paramiko.transport: client lang: <none>
DEB [20250912-16:01:53.977] thr=1   paramiko.transport: server lang: <none>
DEB [20250912-16:01:53.981] thr=1   paramiko.transport: kex follows: False
DEB [20250912-16:01:53.981] thr=1   paramiko.transport: === Key exchange agreements ===
DEB [20250912-16:01:53.982] thr=1   paramiko.transport: Strict kex mode: True
DEB [20250912-16:01:53.982] thr=1   paramiko.transport: Kex: curve25519-sha256@libssh.org
DEB [20250912-16:01:53.982] thr=1   paramiko.transport: HostKey: rsa-sha2-512
DEB [20250912-16:01:53.982] thr=1   paramiko.transport: Cipher: aes128-ctr
DEB [20250912-16:01:53.982] thr=1   paramiko.transport: MAC: hmac-sha2-256
DEB [20250912-16:01:53.982] thr=1   paramiko.transport: Compression: none
DEB [20250912-16:01:53.982] thr=1   paramiko.transport: === End of kex handshake ===
DEB [20250912-16:01:54.322] thr=1   paramiko.transport: Resetting outbound seqno after NEWKEYS due to strict mode
DEB [20250912-16:01:54.322] thr=1   paramiko.transport: kex engine KexCurve25519 specified hash_algo <built-in function openssl_sha256>
DEB [20250912-16:01:54.332] thr=1   paramiko.transport: Switch to new keys ...
DEB [20250912-16:01:54.332] thr=1   paramiko.transport: Resetting inbound seqno after NEWKEYS due to strict mode
DEB [20250912-16:01:54.332] thr=1   paramiko.transport: Got EXT_INFO: {'server-sig-algs': b'ssh-ed25519,sk-ssh-ed25519@openssh.com,sk-ecdsa-sha2-nistp256@openssh.com,ecdsa-sha2-nistp256,ecdsa-sha2-nistp384,ecdsa-sha2-nistp521,rsa-sha2-256,rsa-sha2-512,ssh-rsa,ssh-dss', 'ping@openssh.com': b'0'}
DEB [20250912-16:01:54.653] thr=1   paramiko.transport: userauth is OK
DEB [20250912-16:01:54.653] thr=1   paramiko.transport: Finalizing pubkey algorithm for key of type 'ssh-rsa'
DEB [20250912-16:01:54.653] thr=1   paramiko.transport: Our pubkey algorithm list: ['rsa-sha2-512', 'rsa-sha2-256', 'ssh-rsa']
DEB [20250912-16:01:54.653] thr=1   paramiko.transport: Server-side algorithm list: ['ssh-ed25519', 'sk-ssh-ed25519@openssh.com', 'sk-ecdsa-sha2-nistp256@openssh.com', 'ecdsa-sha2-nistp256', 'ecdsa-sha2-nistp384', 'ecdsa-sha2-nistp521', 'rsa-sha2-256', 'rsa-sha2-512', 'ssh-rsa', 'ssh-dss']
DEB [20250912-16:01:54.653] thr=1   paramiko.transport: Agreed upon 'rsa-sha2-512' pubkey algorithm
INF [20250912-16:01:54.824] thr=1   paramiko.transport: Authentication (publickey) failed.
DEB [20250912-16:01:54.825] thr=1   paramiko.transport: EOF in transport thread
DEB [20250912-16:04:52.561] thr=1   paramiko.transport: starting thread (client mode): 0xa96b34d0
DEB [20250912-16:04:52.562] thr=1   paramiko.transport: Local version/idstring: SSH-2.0-paramiko_3.5.1
DEB [20250912-16:04:52.702] thr=1   paramiko.transport: Remote version/idstring: SSH-2.0-Go_68a17e83
INF [20250912-16:04:52.702] thr=1   paramiko.transport: Connected (version 2.0, client Go_68a17e83)
DEB [20250912-16:04:52.702] thr=1   paramiko.transport: === Key exchange possibilities ===
DEB [20250912-16:04:52.702] thr=1   paramiko.transport: kex algos: diffie-hellman-group14-sha1, curve25519-sha256@libssh.org, diffie-hellman-group14-sha256, kex-strict-s-v00@openssh.com
DEB [20250912-16:04:52.702] thr=1   paramiko.transport: server key: rsa-sha2-256, rsa-sha2-512, ssh-rsa
DEB [20250912-16:04:52.702] thr=1   paramiko.transport: client encrypt: 3des-cbc, aes128-ctr, aes128-cbc, aes192-ctr, aes256-ctr
DEB [20250912-16:04:52.702] thr=1   paramiko.transport: server encrypt: 3des-cbc, aes128-ctr, aes128-cbc, aes192-ctr, aes256-ctr
DEB [20250912-16:04:52.702] thr=1   paramiko.transport: client mac: hmac-sha2-256-etm@openssh.com, hmac-sha2-512-etm@openssh.com, hmac-sha2-256, hmac-sha2-512, hmac-sha1, hmac-sha1-96
DEB [20250912-16:04:52.702] thr=1   paramiko.transport: server mac: hmac-sha2-256-etm@openssh.com, hmac-sha2-512-etm@openssh.com, hmac-sha2-256, hmac-sha2-512, hmac-sha1, hmac-sha1-96
DEB [20250912-16:04:52.702] thr=1   paramiko.transport: client compress: none
DEB [20250912-16:04:52.702] thr=1   paramiko.transport: server compress: none
DEB [20250912-16:04:52.702] thr=1   paramiko.transport: client lang: <none>
DEB [20250912-16:04:52.702] thr=1   paramiko.transport: server lang: <none>
DEB [20250912-16:04:52.702] thr=1   paramiko.transport: kex follows: False
DEB [20250912-16:04:52.702] thr=1   paramiko.transport: === Key exchange agreements ===
DEB [20250912-16:04:52.702] thr=1   paramiko.transport: Strict kex mode: True
DEB [20250912-16:04:52.702] thr=1   paramiko.transport: Kex: curve25519-sha256@libssh.org
DEB [20250912-16:04:52.702] thr=1   paramiko.transport: HostKey: rsa-sha2-512
DEB [20250912-16:04:52.702] thr=1   paramiko.transport: Cipher: aes128-ctr
DEB [20250912-16:04:52.702] thr=1   paramiko.transport: MAC: hmac-sha2-256
DEB [20250912-16:04:52.702] thr=1   paramiko.transport: Compression: none
DEB [20250912-16:04:52.702] thr=1   paramiko.transport: === End of kex handshake ===
DEB [20250912-16:04:53.044] thr=1   paramiko.transport: Resetting outbound seqno after NEWKEYS due to strict mode
DEB [20250912-16:04:53.044] thr=1   paramiko.transport: kex engine KexCurve25519 specified hash_algo <built-in function openssl_sha256>
DEB [20250912-16:04:53.051] thr=1   paramiko.transport: Switch to new keys ...
DEB [20250912-16:04:53.052] thr=1   paramiko.transport: Resetting inbound seqno after NEWKEYS due to strict mode
DEB [20250912-16:04:53.052] thr=1   paramiko.transport: Got EXT_INFO: {'server-sig-algs': b'ssh-ed25519,sk-ssh-ed25519@openssh.com,sk-ecdsa-sha2-nistp256@openssh.com,ecdsa-sha2-nistp256,ecdsa-sha2-nistp384,ecdsa-sha2-nistp521,rsa-sha2-256,rsa-sha2-512,ssh-rsa,ssh-dss', 'ping@openssh.com': b'0'}
DEB [20250912-16:04:53.372] thr=1   paramiko.transport: userauth is OK
DEB [20250912-16:04:53.372] thr=1   paramiko.transport: Finalizing pubkey algorithm for key of type 'ssh-rsa'
DEB [20250912-16:04:53.372] thr=1   paramiko.transport: Our pubkey algorithm list: ['rsa-sha2-512', 'rsa-sha2-256', 'ssh-rsa']
DEB [20250912-16:04:53.372] thr=1   paramiko.transport: Server-side algorithm list: ['ssh-ed25519', 'sk-ssh-ed25519@openssh.com', 'sk-ecdsa-sha2-nistp256@openssh.com', 'ecdsa-sha2-nistp256', 'ecdsa-sha2-nistp384', 'ecdsa-sha2-nistp521', 'rsa-sha2-256', 'rsa-sha2-512', 'ssh-rsa', 'ssh-dss']
DEB [20250912-16:04:53.372] thr=1   paramiko.transport: Agreed upon 'rsa-sha2-512' pubkey algorithm
INF [20250912-16:04:53.545] thr=1   paramiko.transport: Authentication (publickey) failed.
DEB [20250912-16:04:53.545] thr=1   paramiko.transport: EOF in transport thread
DEB [20250912-16:40:40.262] thr=1   paramiko.transport: starting thread (client mode): 0x37463530
DEB [20250912-16:40:40.263] thr=1   paramiko.transport: Local version/idstring: SSH-2.0-paramiko_3.5.1
DEB [20250912-16:40:40.416] thr=1   paramiko.transport: Remote version/idstring: SSH-2.0-Go_49c7b677
INF [20250912-16:40:40.416] thr=1   paramiko.transport: Connected (version 2.0, client Go_49c7b677)
DEB [20250912-16:40:40.418] thr=1   paramiko.transport: === Key exchange possibilities ===
DEB [20250912-16:40:40.418] thr=1   paramiko.transport: kex algos: diffie-hellman-group14-sha1, curve25519-sha256@libssh.org, diffie-hellman-group14-sha256, kex-strict-s-v00@openssh.com
DEB [20250912-16:40:40.418] thr=1   paramiko.transport: server key: rsa-sha2-256, rsa-sha2-512, ssh-rsa
DEB [20250912-16:40:40.418] thr=1   paramiko.transport: client encrypt: 3des-cbc, aes128-ctr, aes128-cbc, aes192-ctr, aes256-ctr
DEB [20250912-16:40:40.418] thr=1   paramiko.transport: server encrypt: 3des-cbc, aes128-ctr, aes128-cbc, aes192-ctr, aes256-ctr
DEB [20250912-16:40:40.418] thr=1   paramiko.transport: client mac: hmac-sha2-256-etm@openssh.com, hmac-sha2-512-etm@openssh.com, hmac-sha2-256, hmac-sha2-512, hmac-sha1, hmac-sha1-96
DEB [20250912-16:40:40.419] thr=1   paramiko.transport: server mac: hmac-sha2-256-etm@openssh.com, hmac-sha2-512-etm@openssh.com, hmac-sha2-256, hmac-sha2-512, hmac-sha1, hmac-sha1-96
DEB [20250912-16:40:40.419] thr=1   paramiko.transport: client compress: none
DEB [20250912-16:40:40.419] thr=1   paramiko.transport: server compress: none
DEB [20250912-16:40:40.419] thr=1   paramiko.transport: client lang: <none>
DEB [20250912-16:40:40.419] thr=1   paramiko.transport: server lang: <none>
DEB [20250912-16:40:40.419] thr=1   paramiko.transport: kex follows: False
DEB [20250912-16:40:40.419] thr=1   paramiko.transport: === Key exchange agreements ===
DEB [20250912-16:40:40.419] thr=1   paramiko.transport: Strict kex mode: True
DEB [20250912-16:40:40.419] thr=1   paramiko.transport: Kex: curve25519-sha256@libssh.org
DEB [20250912-16:40:40.419] thr=1   paramiko.transport: HostKey: rsa-sha2-512
DEB [20250912-16:40:40.419] thr=1   paramiko.transport: Cipher: aes128-ctr
DEB [20250912-16:40:40.419] thr=1   paramiko.transport: MAC: hmac-sha2-256
DEB [20250912-16:40:40.419] thr=1   paramiko.transport: Compression: none
DEB [20250912-16:40:40.419] thr=1   paramiko.transport: === End of kex handshake ===
DEB [20250912-16:40:40.797] thr=1   paramiko.transport: Resetting outbound seqno after NEWKEYS due to strict mode
DEB [20250912-16:40:40.797] thr=1   paramiko.transport: kex engine KexCurve25519 specified hash_algo <built-in function openssl_sha256>
DEB [20250912-16:40:40.800] thr=1   paramiko.transport: Switch to new keys ...
DEB [20250912-16:40:40.800] thr=1   paramiko.transport: Resetting inbound seqno after NEWKEYS due to strict mode
DEB [20250912-16:40:40.801] thr=1   paramiko.transport: Got EXT_INFO: {'server-sig-algs': b'ssh-ed25519,sk-ssh-ed25519@openssh.com,sk-ecdsa-sha2-nistp256@openssh.com,ecdsa-sha2-nistp256,ecdsa-sha2-nistp384,ecdsa-sha2-nistp521,rsa-sha2-256,rsa-sha2-512,ssh-rsa,ssh-dss', 'ping@openssh.com': b'0'}
DEB [20250912-16:40:41.146] thr=1   paramiko.transport: userauth is OK
DEB [20250912-16:40:41.146] thr=1   paramiko.transport: Finalizing pubkey algorithm for key of type 'ssh-rsa'
DEB [20250912-16:40:41.146] thr=1   paramiko.transport: Our pubkey algorithm list: ['rsa-sha2-512', 'rsa-sha2-256', 'ssh-rsa']
DEB [20250912-16:40:41.146] thr=1   paramiko.transport: Server-side algorithm list: ['ssh-ed25519', 'sk-ssh-ed25519@openssh.com', 'sk-ecdsa-sha2-nistp256@openssh.com', 'ecdsa-sha2-nistp256', 'ecdsa-sha2-nistp384', 'ecdsa-sha2-nistp521', 'rsa-sha2-256', 'rsa-sha2-512', 'ssh-rsa', 'ssh-dss']
DEB [20250912-16:40:41.146] thr=1   paramiko.transport: Agreed upon 'rsa-sha2-512' pubkey algorithm
INF [20250912-16:40:41.321] thr=1   paramiko.transport: Authentication (publickey) failed.
DEB [20250912-16:40:41.323] thr=1   paramiko.transport: EOF in transport thread
DEB [20250912-16:43:17.961] thr=1   paramiko.transport: starting thread (client mode): 0x94a93530
DEB [20250912-16:43:17.969] thr=1   paramiko.transport: Local version/idstring: SSH-2.0-paramiko_3.5.1
DEB [20250912-16:43:18.120] thr=1   paramiko.transport: Remote version/idstring: SSH-2.0-Go_7e9a0167
INF [20250912-16:43:18.120] thr=1   paramiko.transport: Connected (version 2.0, client Go_7e9a0167)
DEB [20250912-16:43:18.120] thr=1   paramiko.transport: === Key exchange possibilities ===
DEB [20250912-16:43:18.120] thr=1   paramiko.transport: kex algos: diffie-hellman-group14-sha1, curve25519-sha256@libssh.org, diffie-hellman-group14-sha256, kex-strict-s-v00@openssh.com
DEB [20250912-16:43:18.120] thr=1   paramiko.transport: server key: rsa-sha2-256, rsa-sha2-512, ssh-rsa
DEB [20250912-16:43:18.120] thr=1   paramiko.transport: client encrypt: 3des-cbc, aes128-ctr, aes128-cbc, aes192-ctr, aes256-ctr
DEB [20250912-16:43:18.120] thr=1   paramiko.transport: server encrypt: 3des-cbc, aes128-ctr, aes128-cbc, aes192-ctr, aes256-ctr
DEB [20250912-16:43:18.120] thr=1   paramiko.transport: client mac: hmac-sha2-256-etm@openssh.com, hmac-sha2-512-etm@openssh.com, hmac-sha2-256, hmac-sha2-512, hmac-sha1, hmac-sha1-96
DEB [20250912-16:43:18.120] thr=1   paramiko.transport: server mac: hmac-sha2-256-etm@openssh.com, hmac-sha2-512-etm@openssh.com, hmac-sha2-256, hmac-sha2-512, hmac-sha1, hmac-sha1-96
DEB [20250912-16:43:18.120] thr=1   paramiko.transport: client compress: none
DEB [20250912-16:43:18.120] thr=1   paramiko.transport: server compress: none
DEB [20250912-16:43:18.120] thr=1   paramiko.transport: client lang: <none>
DEB [20250912-16:43:18.120] thr=1   paramiko.transport: server lang: <none>
DEB [20250912-16:43:18.120] thr=1   paramiko.transport: kex follows: False
DEB [20250912-16:43:18.120] thr=1   paramiko.transport: === Key exchange agreements ===
DEB [20250912-16:43:18.120] thr=1   paramiko.transport: Strict kex mode: True
DEB [20250912-16:43:18.120] thr=1   paramiko.transport: Kex: curve25519-sha256@libssh.org
DEB [20250912-16:43:18.120] thr=1   paramiko.transport: HostKey: rsa-sha2-512
DEB [20250912-16:43:18.120] thr=1   paramiko.transport: Cipher: aes128-ctr
DEB [20250912-16:43:18.120] thr=1   paramiko.transport: MAC: hmac-sha2-256
DEB [20250912-16:43:18.120] thr=1   paramiko.transport: Compression: none
DEB [20250912-16:43:18.120] thr=1   paramiko.transport: === End of kex handshake ===
DEB [20250912-16:43:18.492] thr=1   paramiko.transport: Resetting outbound seqno after NEWKEYS due to strict mode
DEB [20250912-16:43:18.492] thr=1   paramiko.transport: kex engine KexCurve25519 specified hash_algo <built-in function openssl_sha256>
DEB [20250912-16:43:18.495] thr=1   paramiko.transport: Switch to new keys ...
DEB [20250912-16:43:18.495] thr=1   paramiko.transport: Resetting inbound seqno after NEWKEYS due to strict mode
DEB [20250912-16:43:18.496] thr=1   paramiko.transport: Got EXT_INFO: {'server-sig-algs': b'ssh-ed25519,sk-ssh-ed25519@openssh.com,sk-ecdsa-sha2-nistp256@openssh.com,ecdsa-sha2-nistp256,ecdsa-sha2-nistp384,ecdsa-sha2-nistp521,rsa-sha2-256,rsa-sha2-512,ssh-rsa,ssh-dss', 'ping@openssh.com': b'0'}
DEB [20250912-16:43:18.831] thr=1   paramiko.transport: userauth is OK
DEB [20250912-16:43:18.831] thr=1   paramiko.transport: Finalizing pubkey algorithm for key of type 'ssh-rsa'
DEB [20250912-16:43:18.831] thr=1   paramiko.transport: Our pubkey algorithm list: ['rsa-sha2-512', 'rsa-sha2-256', 'ssh-rsa']
DEB [20250912-16:43:18.838] thr=1   paramiko.transport: Server-side algorithm list: ['ssh-ed25519', 'sk-ssh-ed25519@openssh.com', 'sk-ecdsa-sha2-nistp256@openssh.com', 'ecdsa-sha2-nistp256', 'ecdsa-sha2-nistp384', 'ecdsa-sha2-nistp521', 'rsa-sha2-256', 'rsa-sha2-512', 'ssh-rsa', 'ssh-dss']
DEB [20250912-16:43:18.838] thr=1   paramiko.transport: Agreed upon 'rsa-sha2-512' pubkey algorithm
INF [20250912-16:43:19.009] thr=1   paramiko.transport: Authentication (publickey) successful!
DEB [20250912-16:43:19.009] thr=2   paramiko.transport: [chan 0] Max packet in: 32768 bytes
DEB [20250912-16:43:19.160] thr=1   paramiko.transport: [chan 0] Max packet out: 32768 bytes
DEB [20250912-16:43:19.160] thr=1   paramiko.transport: Secsh channel 0 opened.
DEB [20250912-16:43:19.322] thr=1   paramiko.transport: [chan 0] Sesch channel 0 request ok
INF [20250912-16:43:19.473] thr=2   paramiko.transport.sftp: [chan 0] Opened sftp connection (server version 3)
DEB [20250912-16:43:19.473] thr=2   paramiko.transport.sftp: [chan 0] listdir(b'/')
INF [20250912-16:43:20.230] thr=2   paramiko.transport.sftp: [chan 0] sftp session closed.
DEB [20250912-16:43:20.230] thr=2   paramiko.transport: [chan 0] EOF sent (0)
